AH00558: httpd.exe: Could not reliably determine the server's fully qualified domain name, using fe80::d53a:7a9:8740:d274. Set the 'ServerName' directive globally to suppress this message
[Wed Apr 01 21:31:18.666418 2026] [mpm_winnt:notice] [pid 4636:tid 872] AH00455: Apache/2.4.43 (Win32) mod_fcgid/2.3.9a configured -- resuming normal operations
[Wed Apr 01 21:31:18.666418 2026] [mpm_winnt:notice] [pid 4636:tid 872] AH00456: Server built: Apr 21 2020 13:46:54
[Wed Apr 01 21:31:18.666418 2026] [core:notice] [pid 4636:tid 872] AH00094: Command line: 'C:\\Users\\alien\\AppData\\Roaming\\Local\\lightning-services\\apache-2.4.43+11\\bin\\win32\\bin\\httpd.exe -d C:/Users/alien/AppData/Roaming/Local/lightning-services/apache-2.4.43+11/bin/win32 -D FOREGROUND -f C:\\Users\\alien\\AppData\\Roaming\\Local\\run\\mj1lerR7J\\conf\\apache\\apache2.conf'
[Wed Apr 01 21:31:18.671176 2026] [mpm_winnt:notice] [pid 4636:tid 872] AH00418: Parent: Created child process 27116
AH00558: httpd.exe: Could not reliably determine the server's fully qualified domain name, using fe80::d53a:7a9:8740:d274. Set the 'ServerName' directive globally to suppress this message
AH00558: httpd.exe: Could not reliably determine the server's fully qualified domain name, using fe80::d53a:7a9:8740:d274. Set the 'ServerName' directive globally to suppress this message
[Wed Apr 01 21:31:19.274472 2026] [mpm_winnt:notice] [pid 27116:tid 836] AH00354: Child: Starting 64 worker threads.
AH00558: httpd.exe: Could not reliably determine the server's fully qualified domain name, using fe80::d53a:7a9:8740:d274. Set the 'ServerName' directive globally to suppress this message
[Wed Apr 01 21:31:57.627556 2026] [core:warn] [pid 31032:tid 756] AH00098: pid file C:/Users/alien/AppData/Roaming/Local/run/mj1lerR7J/apache/logs/httpd.pid overwritten -- Unclean shutdown of previous Apache run?
[Wed Apr 01 21:31:57.627556 2026] [mpm_winnt:notice] [pid 31032:tid 756] AH00455: Apache/2.4.43 (Win32) mod_fcgid/2.3.9a configured -- resuming normal operations
[Wed Apr 01 21:31:57.627556 2026] [mpm_winnt:notice] [pid 31032:tid 756] AH00456: Server built: Apr 21 2020 13:46:54
[Wed Apr 01 21:31:57.627556 2026] [core:notice] [pid 31032:tid 756] AH00094: Command line: 'C:\\Users\\alien\\AppData\\Roaming\\Local\\lightning-services\\apache-2.4.43+11\\bin\\win32\\bin\\httpd.exe -d C:/Users/alien/AppData/Roaming/Local/lightning-services/apache-2.4.43+11/bin/win32 -D FOREGROUND -f C:\\Users\\alien\\AppData\\Roaming\\Local\\run\\mj1lerR7J\\conf\\apache\\apache2.conf'
[Wed Apr 01 21:31:57.639668 2026] [mpm_winnt:notice] [pid 31032:tid 756] AH00418: Parent: Created child process 23340
AH00558: httpd.exe: Could not reliably determine the server's fully qualified domain name, using fe80::d53a:7a9:8740:d274. Set the 'ServerName' directive globally to suppress this message
AH00558: httpd.exe: Could not reliably determine the server's fully qualified domain name, using fe80::d53a:7a9:8740:d274. Set the 'ServerName' directive globally to suppress this message
[Wed Apr 01 21:31:58.205335 2026] [mpm_winnt:notice] [pid 23340:tid 852] AH00354: Child: Starting 64 worker threads.
AH00558: httpd.exe: Could not reliably determine the server's fully qualified domain name, using fe80::d53a:7a9:8740:d274. Set the 'ServerName' directive globally to suppress this message
[Wed Apr 01 21:32:18.627107 2026] [core:warn] [pid 16204:tid 784] AH00098: pid file C:/Users/alien/AppData/Roaming/Local/run/mj1lerR7J/apache/logs/httpd.pid overwritten -- Unclean shutdown of previous Apache run?
[Wed Apr 01 21:32:18.629051 2026] [mpm_winnt:notice] [pid 16204:tid 784] AH00455: Apache/2.4.43 (Win32) mod_fcgid/2.3.9a configured -- resuming normal operations
[Wed Apr 01 21:32:18.629051 2026] [mpm_winnt:notice] [pid 16204:tid 784] AH00456: Server built: Apr 21 2020 13:46:54
[Wed Apr 01 21:32:18.630558 2026] [core:notice] [pid 16204:tid 784] AH00094: Command line: 'C:\\Users\\alien\\AppData\\Roaming\\Local\\lightning-services\\apache-2.4.43+11\\bin\\win32\\bin\\httpd.exe -d C:/Users/alien/AppData/Roaming/Local/lightning-services/apache-2.4.43+11/bin/win32 -D FOREGROUND -f C:\\Users\\alien\\AppData\\Roaming\\Local\\run\\mj1lerR7J\\conf\\apache\\apache2.conf'
[Wed Apr 01 21:32:18.634539 2026] [mpm_winnt:notice] [pid 16204:tid 784] AH00418: Parent: Created child process 33368
AH00558: httpd.exe: Could not reliably determine the server's fully qualified domain name, using fe80::d53a:7a9:8740:d274. Set the 'ServerName' directive globally to suppress this message
AH00558: httpd.exe: Could not reliably determine the server's fully qualified domain name, using fe80::d53a:7a9:8740:d274. Set the 'ServerName' directive globally to suppress this message
[Wed Apr 01 21:32:19.214384 2026] [mpm_winnt:notice] [pid 33368:tid 840] AH00354: Child: Starting 64 worker threads.
[Wed Apr 01 21:35:09.919548 2026] [mpm_winnt:crit] [pid 33368:tid 840] AH02538: Child: Parent process exited abruptly. Child process is ending
[Wed Apr 01 21:35:09.919548 2026] [mpm_winnt:warn] [pid 33368:tid 256] (OS 995)The I/O operation has been aborted because of either a thread exit or an application request.  : AH00341: winnt_accept: Asynchronous AcceptEx failed.
[Wed Apr 01 21:35:09.919548 2026] [mpm_winnt:warn] [pid 33368:tid 1420] (OS 995)The I/O operation has been aborted because of either a thread exit or an application request.  : AH00341: winnt_accept: Asynchronous AcceptEx failed.
AH00558: httpd.exe: Could not reliably determine the server's fully qualified domain name, using fe80::d53a:7a9:8740:d274. Set the 'ServerName' directive globally to suppress this message
[Wed Apr 01 21:35:11.307290 2026] [core:warn] [pid 18372:tid 752] AH00098: pid file C:/Users/alien/AppData/Roaming/Local/run/mj1lerR7J/apache/logs/httpd.pid overwritten -- Unclean shutdown of previous Apache run?
[Wed Apr 01 21:35:11.309797 2026] [mpm_winnt:notice] [pid 18372:tid 752] AH00455: Apache/2.4.43 (Win32) mod_fcgid/2.3.9a configured -- resuming normal operations
[Wed Apr 01 21:35:11.309797 2026] [mpm_winnt:notice] [pid 18372:tid 752] AH00456: Server built: Apr 21 2020 13:46:54
[Wed Apr 01 21:35:11.309797 2026] [core:notice] [pid 18372:tid 752] AH00094: Command line: 'C:\\Users\\alien\\AppData\\Roaming\\Local\\lightning-services\\apache-2.4.43+11\\bin\\win32\\bin\\httpd.exe -d C:/Users/alien/AppData/Roaming/Local/lightning-services/apache-2.4.43+11/bin/win32 -D FOREGROUND -f C:\\Users\\alien\\AppData\\Roaming\\Local\\run\\mj1lerR7J\\conf\\apache\\apache2.conf'
[Wed Apr 01 21:35:11.309797 2026] [mpm_winnt:notice] [pid 18372:tid 752] AH00418: Parent: Created child process 15152
AH00558: httpd.exe: Could not reliably determine the server's fully qualified domain name, using fe80::d53a:7a9:8740:d274. Set the 'ServerName' directive globally to suppress this message
AH00558: httpd.exe: Could not reliably determine the server's fully qualified domain name, using fe80::d53a:7a9:8740:d274. Set the 'ServerName' directive globally to suppress this message
[Wed Apr 01 21:35:11.845753 2026] [mpm_winnt:notice] [pid 15152:tid 836] AH00354: Child: Starting 64 worker threads.
